-------------------- Root CA Orgs ----------------
{'count': 1, 'organization': ['GOV'], 'countries': ['AU']}
{'count': 1, 'organization': ['XRamp Security Services Inc'], 'countries': ['US']}
{'count': 1, 'organization': ['Echoworx Corporation'], 'countries': ['CA']}
{'count': 3, 'organization': ['Certplus'], 'countries': ['FR']}
{'count': 1, 'organization': ['TÜRKTRUST Bilgi İletişim ve Bilişim Güvenliği Hizmetleri A.Ş.'], 'countries': ['TR']}
{'count': 2, 'organization': ['IZENPE S.A.'], 'countries': ['ES']}
{'count': 1, 'organization': ['Republika Slovenija'], 'countries': ['SI']}
{'count': 2, 'organization': ['T-Systems Enterprise Services GmbH'], 'countries': ['DE']}
{'count': 1, 'organization': ['TeliaSonera'], 'countries': []}
{'count': 2, 'organization': ['Government Root Certification Authority'], 'countries': ['TW']}
{'count': 1, 'organization': ['ARGE DATEN - Austrian Society for Data Protection'], 'countries': ['AT']}
{'count': 1, 'organization': ['LuxTrust S.A.'], 'countries': ['LU']}
{'count': 7, 'organization': ['Microsoft Corporation'], 'countries': ['US']}
{'count': 3, 'organization': ['eMudhra Technologies Limited'], 'countries': ['IN']}
{'count': 1, 'organization': ['admin'], 'countries': ['ch']}
{'count': 1, 'organization': ['Macao Post'], 'countries': ['MO']}
{'count': 4, 'organization': ['Amazon'], 'countries': ['US']}
{'count': 1, 'organization': ['LAWtrust'], 'countries': ['ZA']}
{'count': 2, 'organization': ['China Financial Certification Authority'], 'countries': ['CN']}
{'count': 1, 'organization': ['BYTE Computer S.A.'], 'countries': ['GR']}
{'count': 4, 'organization': ['SECOM Trust Systems CO.,LTD.'], 'countries': ['JP']}
{'count': 1, 'organization': ['Digital Signature Trust Co.'], 'countries': []}
{'count': 1, 'organization': ['Comodo CA Limited'], 'countries': ['GB']}
{'count': 1, 'organization': ['Sonera'], 'countries': ['FI']}
{'count': 1, 'organization': ['Česká pošta, s.p. [IČ 47114983]'], 'countries': ['CZ']}
{'count': 1, 'organization': ['EDICOM'], 'countries': ['ES']}
{'count': 6, 'organization': ['DATEV eG'], 'countries': ['DE']}
{'count': 2, 'organization': ['AC CAMERFIRMA S.A.'], 'countries': ['ES']}
{'count': 3, 'organization': ['Trustwave Holdings, Inc.'], 'countries': ['US']}
{'count': 1, 'organization': ['Telia Finland Oyj'], 'countries': ['FI']}
{'count': 2, 'organization': ['e-commerce monitoring GmbH'], 'countries': ['AT']}
{'count': 1, 'organization': ['Entrust.net'], 'countries': []}
{'count': 2, 'organization': ['Dhimyotis'], 'countries': ['FR']}
{'count': 1, 'organization': ['Notarius Inc'], 'countries': ['CA']}
{'count': 4, 'organization': ['COMODO CA Limited'], 'countries': ['GB']}
{'count': 1, 'organization': ['TRUST2408'], 'countries': ['DK']}
{'count': 2, 'organization': ['ComSign'], 'countries': ['IL']}
{'count': 2, 'organization': ['AC Camerfirma SA CIF A82743287'], 'countries': ['EU']}
{'count': 2, 'organization': ['VISA'], 'countries': ['US']}
{'count': 1, 'organization': ['LuxTrust s.a.'], 'countries': ['LU']}
{'count': 2, 'organization': ['Asseco Data Systems S.A.'], 'countries': ['PL']}
{'count': 2, 'organization': ['SecureTrust Corporation'], 'countries': ['US']}
{'count': 3, 'organization': ['StartCom Ltd.'], 'countries': ['IL']}
{'count': 1, 'organization': ['E-Tuğra EBG Bilişim Teknolojileri ve Hizmetleri A.Ş.'], 'countries': ['TR']}
{'count': 2, 'organization': ['Agencia Notarial de Certificacion S.L.U. - CIF B83395988'], 'countries': ['ES']}
{'count': 1, 'organization': ['Agence Nationale de Certification Electronique'], 'countries': ['TN']}
{'count': 1, 'organization': ['Swedish Social Insurance Agency'], 'countries': ['SE']}
{'count': 1, 'organization': ['NetLock Halozatbiztonsagi Kft.'], 'countries': ['HU']}
{'count': 4, 'organization': ['UniTrust'], 'countries': ['CN']}
{'count': 1, 'organization': ['Netrust Pte Ltd'], 'countries': ['SG']}
{'count': 3, 'organization': ['Chunghwa Telecom Co., Ltd.'], 'countries': ['TW']}
{'count': 1, 'organization': ['Thawte'], 'countries': ['ZA']}
{'count': 3, 'organization': ['OpenTrust'], 'countries': ['FR']}
{'count': 4, 'organization': ['The USERTRUST Network'], 'countries': ['US']}
{'count': 1, 'organization': ['Electronic Transactions Development Agency (Public Organization)'], 'countries': ['TH']}
{'count': 3, 'organization': ['SwissSign AG'], 'countries': ['CH']}
{'count': 1, 'organization': ['WFA Hotspot 2.0'], 'countries': ['US']}
{'count': 1, 'organization': ['KEYNECTIS'], 'countries': ['FR']}
{'count': 4, 'organization': ['Google Trust Services LLC'], 'countries': ['US']}
{'count': 1, 'organization': ['National Center for Digital Certification'], 'countries': ['SA']}
{'count': 1, 'organization': ['Turkiye Bilimsel ve Teknolojik Arastirma Kurumu - TUBITAK'], 'countries': ['TR']}
{'count': 1, 'organization': ['DIRECCION GENERAL DE LA POLICIA'], 'countries': ['ES']}
{'count': 2, 'organization': ['Certinomis'], 'countries': ['FR']}
{'count': 1, 'organization': ['The Federal Authorities of the Swiss Confederation'], 'countries': ['CH']}
{'count': 1, 'organization': ['GUANG DONG CERTIFICATE AUTHORITY CO.,LTD.'], 'countries': ['CN']}
{'count': 3, 'organization': ['Hongkong Post'], 'countries': ['HK']}
{'count': 2, 'organization': ['NetLock Kft.'], 'countries': ['HU']}
{'count': 1, 'organization': ['SECOM Trust.net'], 'countries': ['JP']}
{'count': 3, 'organization': ['TrustCor Systems S. de R.L.'], 'countries': ['PA']}
{'count': 2, 'organization': ['Krajowa Izba Rozliczeniowa S.A.'], 'countries': ['PL']}
{'count': 1, 'organization': ['ANF Autoridad de Certificacion'], 'countries': ['ES']}
{'count': 1, 'organization': ['KISA'], 'countries': ['KR']}
{'count': 3, 'organization': ['Hellenic Academic and Research Institutions Cert. Authority'], 'countries': ['GR']}
{'count': 1, 'organization': ['ZETES SA (VATBE-0408425626)'], 'countries': ['BE']}
{'count': 1, 'organization': ['Colegio de Registradores de la Propiedad y Mercantiles de España'], 'countries': ['ES']}
{'count': 3, 'organization': ['Symantec Corporation'], 'countries': ['US']}
{'count': 3, 'organization': ['Apple Inc.'], 'countries': ['US']}
{'count': 1, 'organization': ['Government of Korea'], 'countries': ['KR']}
{'count': 1, 'organization': ['Actalis S.p.A./03358520967'], 'countries': ['IT']}
{'count': 1, 'organization': ['MINISTERIO DE TRABAJO E INMIGRACION'], 'countries': ['ES']}
{'count': 1, 'organization': ['certSIGN'], 'countries': ['RO']}
{'count': 2, 'organization': None, 'countries': ['BE', 'ES']}
{'count': 1, 'organization': ['NISZ Nemzeti Infokommunikációs Szolgáltató Zrt.'], 'countries': ['HU']}
{'count': 2, 'organization': ['Vaestorekisterikeskus CA'], 'countries': ['FI']}
{'count': 1, 'organization': ['Thawte Consulting cc'], 'countries': ['ZA']}
{'count': 1, 'organization': ['National Digital Certification Agency'], 'countries': ['TN']}
{'count': 2, 'organization': ['Cisco Systems'], 'countries': ['US']}
{'count': 1, 'organization': ['Verizon Business'], 'countries': ['US']}
{'count': 1, 'organization': ['Atos'], 'countries': ['DE']}
{'count': 1, 'organization': ['ACCV'], 'countries': ['ES']}
{'count': 1, 'organization': ['Carillon Information Security Inc.'], 'countries': ['CA']}
{'count': 1, 'organization': ['Japan Certification Services, Inc.'], 'countries': ['JP']}
{'count': 1, 'organization': ['Digidentity B.V.'], 'countries': ['NL']}
{'count': 1, 'organization': ['Cybertrust, Inc'], 'countries': []}
{'count': 4, 'organization': ['ICP-Brasil'], 'countries': ['BR']}
{'count': 6, 'organization': ['GeoTrust Inc.'], 'countries': ['US']}
{'count': 12, 'organization': ['GlobalSign nv-sa'], 'countries': ['BE']}
{'count': 1, 'organization': ['Open Access Technology International Inc'], 'countries': ['US']}
{'count': 2, 'organization': ['Disig a.s.'], 'countries': ['SK']}
{'count': 4, 'organization': ['Network Solutions L.L.C.'], 'countries': ['US']}
{'count': 1, 'organization': ['ComSign Ltd.'], 'countries': ['IL']}
{'count': 3, 'organization': ['WISeKey'], 'countries': ['CH']}
{'count': 3, 'organization': ['AddTrust AB'], 'countries': ['SE']}
{'count': 1, 'organization': ['MULTICERT - Serviços de Certificação Electrónica S.A.'], 'countries': ['PT']}
{'count': 1, 'organization': ['Apple Computer, Inc.'], 'countries': ['US']}
{'count': 1, 'organization': ['GoDaddy.com, Inc.'], 'countries': ['US']}
{'count': 1, 'organization': ['AS Sertifitseerimiskeskus'], 'countries': ['EE']}
{'count': 4, 'organization': ['Entrust, Inc.'], 'countries': ['US']}
{'count': 1, 'organization': ['The Go Daddy Group, Inc.'], 'countries': ['US']}
{'count': 2, 'organization': ['TAIWAN-CA'], 'countries': ['TW']}
{'count': 1, 'organization': ['NAVER BUSINESS PLATFORM Corp.'], 'countries': ['KR']}
{'count': 2, 'organization': ['Unizeto Technologies S.A.'], 'countries': ['PL']}
{'count': 2, 'organization': ['První certifikační autorita, a.s.'], 'countries': ['CZ']}
{'count': 2, 'organization': ['FNMT-RCM'], 'countries': ['ES']}
{'count': 1, 'organization': ['CONSEJO GENERAL DE LA ABOGACIA'], 'countries': ['ES']}
{'count': 4, 'organization': ['AffirmTrust'], 'countries': ['US']}
{'count': 2, 'organization': ['Microsec Ltd.'], 'countries': ['HU']}
{'count': 1, 'organization': ['Česká pošta, s.p.'], 'countries': ['CZ']}
{'count': 1, 'organization': ['Trustis Limited'], 'countries': ['GB']}
{'count': 1, 'organization': ['Sistema Nacional de Certificacion Electronica'], 'countries': ['VE']}
{'count': 3, 'organization': ['Starfield Technologies, Inc.'], 'countries': ['US']}
{'count': 8, 'organization': ['DigiCert Inc'], 'countries': ['US']}
{'count': 1, 'organization': ['U.S. Government'], 'countries': ['US']}
{'count': 9, 'organization': ['VeriSign, Inc.'], 'countries': ['US']}
{'count': 2, 'organization': ['AC Camerfirma S.A.'], 'countries': ['EU']}
{'count': 4, 'organization': ['SSL Corporation'], 'countries': ['US']}
{'count': 3, 'organization': ['eMudhra Inc'], 'countries': ['US']}
{'count': 1, 'organization': ['CERTSIGN SA'], 'countries': ['RO']}
{'count': 5, 'organization': ['GlobalSign'], 'countries': []}
{'count': 1, 'organization': ['Deutsche Telekom AG'], 'countries': ['DE']}
{'count': 3, 'organization': ['Staat der Nederlanden'], 'countries': ['NL']}
{'count': 1, 'organization': ['Agencia Catalana de Certificacio (NIF Q-0801176-I)'], 'countries': ['ES']}
{'count': 2, 'organization': ['IdenTrust'], 'countries': ['US']}
{'count': 1, 'organization': ['Halcom d.d.'], 'countries': ['SI']}
{'count': 2, 'organization': ['India PKI'], 'countries': ['IN']}
{'count': 1, 'organization': ['Internet Security Research Group'], 'countries': ['US']}
{'count': 1, 'organization': ['Sociedad Cameral de Certificación Digital - Certicámara S.A.'], 'countries': ['CO']}
{'count': 2, 'organization': ['Buypass AS-983163327'], 'countries': ['NO']}
{'count': 1, 'organization': ['Unizeto Sp. z o.o.'], 'countries': ['PL']}
{'count': 2, 'organization': ['TrustFactory(Pty)Ltd'], 'countries': ['ZA']}
{'count': 1, 'organization': ['Netrust Certificate Authority 1'], 'countries': ['SG']}
{'count': 3, 'organization': ['D-Trust GmbH'], 'countries': ['DE']}
{'count': 1, 'organization': ['Baltimore'], 'countries': ['IE']}
{'count': 1, 'organization': ['Financijska agencija'], 'countries': ['HR']}
{'count': 3, 'organization': ['thawte, Inc.'], 'countries': ['US']}
{'count': 3, 'organization': ['Swisscom'], 'countries': ['ch']}
{'count': 6, 'organization': ['QuoVadis Limited'], 'countries': ['BM']}
Total Items: 147
--------------------------------------------------
---------------------- CA Orgs -------------------
{'count': 1, 'organization': ['GOV'], 'countries': ['AU']}
{'count': 1, 'organization': ['Echoworx Corporation'], 'countries': ['CA']}
{'count': 1, 'organization': ['XRamp Security Services Inc'], 'countries': ['US']}
{'count': 3, 'organization': ['Certplus'], 'countries': ['FR']}
{'count': 3, 'organization': ['eMudhra Technologies Limited'], 'countries': ['IN']}
{'count': 2, 'organization': ['IZENPE S.A.'], 'countries': ['ES']}
{'count': 1, 'organization': ['ARGE DATEN - Austrian Society for Data Protection'], 'countries': ['AT']}
{'count': 4, 'organization': ['T-Systems Enterprise Services GmbH'], 'countries': ['DE']}
{'count': 2, 'organization': ['TeliaSonera'], 'countries': []}
{'count': 1, 'organization': ['Republika Slovenija'], 'countries': ['SI']}
{'count': 1, 'organization': ['Macao Post'], 'countries': ['MO']}
{'count': 1, 'organization': ['LuxTrust S.A.'], 'countries': ['LU']}
{'count': 1, 'organization': ['TÜRKTRUST Bilgi İletişim ve Bilişim Güvenliği Hizmetleri A.Ş.'], 'countries': ['TR']}
{'count': 2, 'organization': ['Government Root Certification Authority'], 'countries': ['TW']}
{'count': 7, 'organization': ['Microsoft Corporation'], 'countries': ['US']}
{'count': 1, 'organization': ['LAWtrust'], 'countries': ['ZA']}
{'count': 4, 'organization': ['Amazon'], 'countries': ['US']}
{'count': 1, 'organization': ['admin'], 'countries': ['ch']}
{'count': 3, 'organization': ['China Financial Certification Authority'], 'countries': ['CN']}
{'count': 1, 'organization': ['BYTE Computer S.A.'], 'countries': ['GR']}
{'count': 5, 'organization': ['SECOM Trust Systems CO.,LTD.'], 'countries': ['JP']}
{'count': 1, 'organization': ['Česká pošta, s.p. [IČ 47114983]'], 'countries': ['CZ']}
{'count': 1, 'organization': ['Sonera'], 'countries': ['FI']}
{'count': 3, 'organization': ['Comodo CA Limited'], 'countries': ['GB']}
{'count': 1, 'organization': ['EDICOM'], 'countries': ['ES']}
{'count': 1, 'organization': ['Digital Signature Trust Co.'], 'countries': []}
{'count': 6, 'organization': ['DATEV eG'], 'countries': ['DE']}
{'count': 2, 'organization': ['AC CAMERFIRMA S.A.'], 'countries': ['ES']}
{'count': 1, 'organization': ['Telia Finland Oyj'], 'countries': ['FI']}
{'count': 3, 'organization': ['Trustwave Holdings, Inc.'], 'countries': ['US']}
{'count': 2, 'organization': ['e-commerce monitoring GmbH'], 'countries': ['AT']}
{'count': 1, 'organization': ['Entrust.net'], 'countries': []}
{'count': 2, 'organization': ['Dhimyotis'], 'countries': ['FR']}
{'count': 1, 'organization': ['Notarius Inc'], 'countries': ['CA']}
{'count': 5, 'organization': ['COMODO CA Limited'], 'countries': ['GB']}
{'count': 1, 'organization': ['TRUST2408'], 'countries': ['DK']}
{'count': 2, 'organization': ['ComSign'], 'countries': ['IL']}
{'count': 2, 'organization': ['AC Camerfirma SA CIF A82743287'], 'countries': ['EU']}
{'count': 2, 'organization': ['VISA'], 'countries': ['US']}
{'count': 1, 'organization': ['LuxTrust s.a.'], 'countries': ['LU']}
{'count': 2, 'organization': ['Asseco Data Systems S.A.'], 'countries': ['PL']}
{'count': 2, 'organization': ['SecureTrust Corporation'], 'countries': ['US']}
{'count': 3, 'organization': ['StartCom Ltd.'], 'countries': ['IL']}
{'count': 1, 'organization': ['E-Tuğra EBG Bilişim Teknolojileri ve Hizmetleri A.Ş.'], 'countries': ['TR']}
{'count': 2, 'organization': ['Agencia Notarial de Certificacion S.L.U. - CIF B83395988'], 'countries': ['ES']}
{'count': 1, 'organization': ['Agence Nationale de Certification Electronique'], 'countries': ['TN']}
{'count': 1, 'organization': ['Swedish Social Insurance Agency'], 'countries': ['SE']}
{'count': 1, 'organization': ['NetLock Halozatbiztonsagi Kft.'], 'countries': ['HU']}
{'count': 5, 'organization': ['UniTrust'], 'countries': ['CN']}
{'count': 1, 'organization': ['Netrust Pte Ltd'], 'countries': ['SG']}
{'count': 3, 'organization': ['Chunghwa Telecom Co., Ltd.'], 'countries': ['TW']}
{'count': 1, 'organization': ['Thawte'], 'countries': ['ZA']}
{'count': 3, 'organization': ['OpenTrust'], 'countries': ['FR']}
{'count': 24, 'organization': ['The USERTRUST Network'], 'countries': ['US']}
{'count': 1, 'organization': ['Electronic Transactions Development Agency (Public Organization)'], 'countries': ['TH']}
{'count': 3, 'organization': ['SwissSign AG'], 'countries': ['CH']}
{'count': 1, 'organization': ['WFA Hotspot 2.0'], 'countries': ['US']}
{'count': 1, 'organization': ['KEYNECTIS'], 'countries': ['FR']}
{'count': 5, 'organization': ['Google Trust Services LLC'], 'countries': ['US']}
{'count': 1, 'organization': ['National Center for Digital Certification'], 'countries': ['SA']}
{'count': 1, 'organization': ['Turkiye Bilimsel ve Teknolojik Arastirma Kurumu - TUBITAK'], 'countries': ['TR']}
{'count': 1, 'organization': ['DIRECCION GENERAL DE LA POLICIA'], 'countries': ['ES']}
{'count': 2, 'organization': ['Certinomis'], 'countries': ['FR']}
{'count': 1, 'organization': ['The Federal Authorities of the Swiss Confederation'], 'countries': ['CH']}
{'count': 1, 'organization': ['GUANG DONG CERTIFICATE AUTHORITY CO.,LTD.'], 'countries': ['CN']}
{'count': 3, 'organization': ['Hongkong Post'], 'countries': ['HK']}
{'count': 1, 'organization': ['Colegio de Registradores de la Propiedad y Mercantiles de España'], 'countries': ['ES']}
{'count': 2, 'organization': ['NetLock Kft.'], 'countries': ['HU']}
{'count': 1, 'organization': ['ANF Autoridad de Certificacion'], 'countries': ['ES']}
{'count': 2, 'organization': ['SECOM Trust.net'], 'countries': ['JP']}
{'count': 3, 'organization': ['TrustCor Systems S. de R.L.'], 'countries': ['PA']}
{'count': 1, 'organization': ['KISA'], 'countries': ['KR']}
{'count': 2, 'organization': ['Krajowa Izba Rozliczeniowa S.A.'], 'countries': ['PL']}
{'count': 1, 'organization': ['ZETES SA (VATBE-0408425626)'], 'countries': ['BE']}
{'count': 5, 'organization': ['Verein zur Foerderung eines Deutschen Forschungsnetzes e. V.'], 'countries': ['DE']}
{'count': 3, 'organization': ['Hellenic Academic and Research Institutions Cert. Authority'], 'countries': ['GR']}
{'count': 3, 'organization': ['Apple Inc.'], 'countries': ['US']}
{'count': 1, 'organization': ['Government of Korea'], 'countries': ['KR']}
{'count': 3, 'organization': ['Symantec Corporation'], 'countries': ['US']}
{'count': 2, 'organization': ['Actalis S.p.A./03358520967'], 'countries': ['IT']}
{'count': 1, 'organization': ['MINISTERIO DE TRABAJO E INMIGRACION'], 'countries': ['ES']}
{'count': 1, 'organization': ['certSIGN'], 'countries': ['RO']}
{'count': 2, 'organization': None, 'countries': ['BE', 'ES']}
{'count': 2, 'organization': ['Vaestorekisterikeskus CA'], 'countries': ['FI']}
{'count': 1, 'organization': ['NISZ Nemzeti Infokommunikációs Szolgáltató Zrt.'], 'countries': ['HU']}
{'count': 1, 'organization': ['Thawte Consulting cc'], 'countries': ['ZA']}
{'count': 1, 'organization': ['National Digital Certification Agency'], 'countries': ['TN']}
{'count': 4, 'organization': ['Cisco Systems'], 'countries': ['US']}
{'count': 1, 'organization': ['Verizon Business'], 'countries': ['US']}
{'count': 1, 'organization': ['Carillon Information Security Inc.'], 'countries': ['CA']}
{'count': 1, 'organization': ['Japan Certification Services, Inc.'], 'countries': ['JP']}
{'count': 1, 'organization': ['ACCV'], 'countries': ['ES']}
{'count': 1, 'organization': ['Atos'], 'countries': ['DE']}
{'count': 1, 'organization': ['Digidentity B.V.'], 'countries': ['NL']}
{'count': 1, 'organization': ['Cybertrust, Inc'], 'countries': []}
{'count': 4, 'organization': ['ICP-Brasil'], 'countries': ['BR']}
{'count': 2, 'organization': ['Disig a.s.'], 'countries': ['SK']}
{'count': 15, 'organization': ['GlobalSign nv-sa'], 'countries': ['BE']}
{'count': 6, 'organization': ['GeoTrust Inc.'], 'countries': ['US']}
{'count': 1, 'organization': ['Open Access Technology International Inc'], 'countries': ['US']}
{'count': 4, 'organization': ['Network Solutions L.L.C.'], 'countries': ['US']}
{'count': 1, 'organization': ['ComSign Ltd.'], 'countries': ['IL']}
{'count': 3, 'organization': ['WISeKey'], 'countries': ['CH']}
{'count': 3, 'organization': ['AddTrust AB'], 'countries': ['SE']}
{'count': 1, 'organization': ['MULTICERT - Serviços de Certificação Electrónica S.A.'], 'countries': ['PT']}
{'count': 1, 'organization': ['Apple Computer, Inc.'], 'countries': ['US']}
{'count': 1, 'organization': ['GoDaddy.com, Inc.'], 'countries': ['US']}
{'count': 1, 'organization': ['AS Sertifitseerimiskeskus'], 'countries': ['EE']}
{'count': 8, 'organization': ['Entrust, Inc.'], 'countries': ['US']}
{'count': 1, 'organization': ['The Go Daddy Group, Inc.'], 'countries': ['US']}
{'count': 4, 'organization': ['TAIWAN-CA'], 'countries': ['TW']}
{'count': 1, 'organization': ['NAVER BUSINESS PLATFORM Corp.'], 'countries': ['KR']}
{'count': 12, 'organization': ['Unizeto Technologies S.A.'], 'countries': ['PL']}
{'count': 2, 'organization': ['První certifikační autorita, a.s.'], 'countries': ['CZ']}
{'count': 2, 'organization': ['FNMT-RCM'], 'countries': ['ES']}
{'count': 1, 'organization': ['CONSEJO GENERAL DE LA ABOGACIA'], 'countries': ['ES']}
{'count': 1, 'organization': ['Trustis Limited'], 'countries': ['GB']}
{'count': 1, 'organization': ['Česká pošta, s.p.'], 'countries': ['CZ']}
{'count': 2, 'organization': ['Microsec Ltd.'], 'countries': ['HU']}
{'count': 4, 'organization': ['AffirmTrust'], 'countries': ['US']}
{'count': 2, 'organization': ['Sistema Nacional de Certificacion Electronica'], 'countries': ['VE']}
{'count': 3, 'organization': ['Starfield Technologies, Inc.'], 'countries': ['US']}
{'count': 27, 'organization': ['DigiCert Inc'], 'countries': ['US']}
{'count': 4, 'organization': ['U.S. Government'], 'countries': ['US']}
{'count': 3, 'organization': ['VeriSign, Inc.'], 'countries': ['US']}
{'count': 2, 'organization': ['AC Camerfirma S.A.'], 'countries': ['EU']}
{'count': 3, 'organization': ['eMudhra Inc'], 'countries': ['US']}
{'count': 4, 'organization': ['SSL Corporation'], 'countries': ['US']}
{'count': 1, 'organization': ['CERTSIGN SA'], 'countries': ['RO']}
{'count': 8, 'organization': ['GlobalSign'], 'countries': []}
{'count': 1, 'organization': ['Deutsche Telekom AG'], 'countries': ['DE']}
{'count': 3, 'organization': ['Staat der Nederlanden'], 'countries': ['NL']}
{'count': 1, 'organization': ['Agencia Catalana de Certificacio (NIF Q-0801176-I)'], 'countries': ['ES']}
{'count': 2, 'organization': ['IdenTrust'], 'countries': ['US']}
{'count': 1, 'organization': ['Halcom d.d.'], 'countries': ['SI']}
{'count': 2, 'organization': ['India PKI'], 'countries': ['IN']}
{'count': 1, 'organization': ['Internet Security Research Group'], 'countries': ['US']}
{'count': 1, 'organization': ['Sociedad Cameral de Certificación Digital - Certicámara S.A.'], 'countries': ['CO']}
{'count': 2, 'organization': ['Buypass AS-983163327'], 'countries': ['NO']}
{'count': 2, 'organization': ['Unizeto Sp. z o.o.'], 'countries': ['PL']}
{'count': 2, 'organization': ['TrustFactory(Pty)Ltd'], 'countries': ['ZA']}
{'count': 1, 'organization': ['Netrust Certificate Authority 1'], 'countries': ['SG']}
{'count': 3, 'organization': ['D-Trust GmbH'], 'countries': ['DE']}
{'count': 2, 'organization': ['Baltimore'], 'countries': ['IE']}
{'count': 1, 'organization': ['Financijska agencija'], 'countries': ['HR']}
{'count': 3, 'organization': ['thawte, Inc.'], 'countries': ['US']}
{'count': 3, 'organization': ['Swisscom'], 'countries': ['ch']}
{'count': 7, 'organization': ['QuoVadis Limited'], 'countries': ['BM']}
Total Items: 148
--------------------------------------------------
